\BOOKMARK [1][-]{section*.1}{\376\377\144\130\211\201}{}% 1
\BOOKMARK [1][-]{section*.2}{\376\377\000A\000b\000s\000t\000r\000a\000c\000t}{}% 2
\BOOKMARK [1][-]{section.1}{\376\377\176\352\213\272}{}% 3
\BOOKMARK [2][-]{subsection.1.1}{\376\377\213\376\230\230\200\314\146\157}{section.1}% 4
\BOOKMARK [2][-]{subsection.1.2}{\376\377\126\375\121\205\131\026\170\024\172\166\163\260\162\266}{section.1}% 5
\BOOKMARK [2][-]{subsection.1.3}{\376\377\170\024\172\166\166\356\166\204\124\214\116\073\211\201\121\205\133\271}{section.1}% 6
\BOOKMARK [2][-]{subsection.1.4}{\376\377\213\272\145\207\176\323\147\204}{section.1}% 7
\BOOKMARK [1][-]{section.2}{\376\377\142\200\147\057\200\314\146\157\151\202\217\360}{}% 8
\BOOKMARK [2][-]{subsection.2.1}{\376\377\213\315\135\114\121\145}{section.2}% 9
\BOOKMARK [2][-]{subsection.2.2}{\376\377\137\252\163\257\171\136\176\317\177\121\176\334}{section.2}% 10
\BOOKMARK [2][-]{subsection.2.3}{\376\377\136\217\122\027\122\060\136\217\122\027\152\041\127\213}{section.2}% 11
\BOOKMARK [2][-]{subsection.2.4}{\376\377\154\350\141\017\122\233\147\072\122\066}{section.2}% 12
\BOOKMARK [2][-]{subsection.2.5}{\376\377\147\054\172\340\134\017\176\323}{section.2}% 13
\BOOKMARK [1][-]{section.3}{\376\377\127\372\116\216\154\350\141\017\122\233\147\072\122\066\166\204\140\305\141\037\133\371\213\335\165\037\142\020\174\373\176\337\213\276\213\241}{}% 14
\BOOKMARK [2][-]{subsection.3.1}{\376\377\127\372\116\216\207\215\124\010\230\204\155\113\177\121\176\334\166\204\140\305\141\037\220\011\142\351\152\041\127\127}{section.3}% 15
\BOOKMARK [2][-]{subsection.3.2}{\376\377\127\372\116\216\121\205\220\350\131\026\220\350\213\260\137\306\166\204\126\336\131\015\165\037\142\020\152\041\127\127}{section.3}% 16
\BOOKMARK [2][-]{subsection.3.3}{\376\377\143\137\131\061\121\375\145\160}{section.3}% 17
\BOOKMARK [2][-]{subsection.3.4}{\376\377\213\276\213\241\116\055\200\003\206\121\166\204\122\066\176\246\126\340\175\040}{section.3}% 18
\BOOKMARK [2][-]{subsection.3.5}{\376\377\142\020\147\054\117\060\173\227}{section.3}% 19
\BOOKMARK [2][-]{subsection.3.6}{\376\377\147\054\172\340\134\017\176\323}{section.3}% 20
\BOOKMARK [1][-]{section.4}{\376\377\127\372\116\216\154\350\141\017\122\233\147\072\122\066\166\204\140\305\141\037\133\371\213\335\165\037\142\020\174\373\176\337\133\236\163\260}{}% 21
\BOOKMARK [2][-]{subsection.4.1}{\376\377\174\373\176\337\116\073\117\123\147\266\147\204\133\236\163\260}{section.4}% 22
\BOOKMARK [2][-]{subsection.4.2}{\376\377\127\372\116\216\207\215\124\010\230\204\155\113\177\121\176\334\166\204\140\305\141\037\220\011\142\351\126\150}{section.4}% 23
\BOOKMARK [2][-]{subsection.4.3}{\376\377\127\372\116\216\121\205\220\350\131\026\220\350\213\260\137\306\166\204\126\336\131\015\165\037\142\020\126\150}{section.4}% 24
\BOOKMARK [2][-]{subsection.4.4}{\376\377\147\054\172\340\134\017\176\323}{section.4}% 25
\BOOKMARK [1][-]{section.5}{\376\377\140\047\200\375\213\304\117\060\116\016\122\006\147\220}{}% 26
\BOOKMARK [2][-]{subsection.5.1}{\376\377\155\113\213\325\163\257\130\203\116\016\145\271\150\110}{section.5}% 27
\BOOKMARK [2][-]{subsection.5.2}{\376\377\201\352\122\250\213\304\117\060}{section.5}% 28
\BOOKMARK [2][-]{subsection.5.3}{\376\377\116\272\135\345\213\304\117\060}{section.5}% 29
\BOOKMARK [2][-]{subsection.5.4}{\376\377\174\373\176\337\165\114\227\142}{section.5}% 30
\BOOKMARK [2][-]{subsection.5.5}{\376\377\147\054\172\340\134\017\176\323}{section.5}% 31
\BOOKMARK [1][-]{section.6}{\376\377\140\073\176\323\116\016\134\125\147\033}{}% 32
\BOOKMARK [2][-]{subsection.6.1}{\376\377\116\052\116\272\140\073\176\323}{section.6}% 33
\BOOKMARK [2][-]{subsection.6.2}{\376\377\147\052\147\145\134\125\147\033}{section.6}% 34
\BOOKMARK [1][-]{section*.29}{\376\377\201\364\214\042}{}% 35
\BOOKMARK [1][-]{section*.30}{\376\377\123\302\200\003\145\207\163\056}{}% 36
